<?xml version="1.0" encoding="UTF-8"?>
<!-- Generated by org.testng.reporters.JUnitXMLReporter -->
<testsuite ignored="2" hostname="SaiTejas-MacBook-Air.local" failures="0" tests="4" name="Default test" time="10.354" errors="0" timestamp="2024-07-16T15:15:20 IST">
  <testcase classname="com.TestNGPractice.InvocationCountTestNG" name="testmethod3" time="3.874"/>
  <testcase classname="com.TestNGPractice.InvocationCountTestNG" name="testmethod3" time="5.364"/>
  <testcase classname="com.TestNGPractice.InvocationCountTestNG" name="testmethod3" time="5.131"/>
  <testcase classname="com.TestNGPractice.InvocationCountTestNG" name="testmethod3" time="4.971"/>
  <testcase classname="com.TestNGPractice.InvocationCountTestNG" name="testmethod2" time="0.0">
    <ignored/>
  </testcase> <!-- testmethod2 -->
  <testcase classname="com.TestNGPractice.InvocationCountTestNG" name="testmethod1" time="0.0">
    <ignored/>
  </testcase> <!-- testmethod1 -->
</testsuite> <!-- Default test -->
