<?xml version="1.0" encoding="UTF-8"?>
<testng-results ignored="0" total="4" passed="4" failed="0" skipped="0">
  <reporter-output>
  </reporter-output>
  <suite started-at="2024-07-16T15:15:10 IST" name="Default suite" finished-at="2024-07-16T15:15:20 IST" duration-ms="10354">
    <groups>
    </groups>
    <test started-at="2024-07-16T15:15:10 IST" name="Default test" finished-at="2024-07-16T15:15:20 IST" duration-ms="10354">
      <class name="com.TestNGPractice.InvocationCountTestNG">
        <test-method signature="testmethod3()[pri:0, instance:com.TestNGPractice.InvocationCountTestNG@74d1dc36]" started-at="2024-07-16T15:15:10 IST" name="testmethod3" finished-at="2024-07-16T15:15:15 IST" duration-ms="5364" status="PASS">
          <reporter-output>
          </reporter-output>
        </test-method> <!-- testmethod3 -->
        <test-method signature="testmethod3()[pri:0, instance:com.TestNGPractice.InvocationCountTestNG@74d1dc36]" started-at="2024-07-16T15:15:10 IST" name="testmethod3" finished-at="2024-07-16T15:15:14 IST" duration-ms="3874" status="PASS">
          <reporter-output>
          </reporter-output>
        </test-method> <!-- testmethod3 -->
        <test-method signature="testmethod3()[pri:0, instance:com.TestNGPractice.InvocationCountTestNG@74d1dc36]" started-at="2024-07-16T15:15:14 IST" name="testmethod3" finished-at="2024-07-16T15:15:19 IST" duration-ms="5131" status="PASS">
          <reporter-output>
          </reporter-output>
        </test-method> <!-- testmethod3 -->
        <test-method signature="testmethod3()[pri:0, instance:com.TestNGPractice.InvocationCountTestNG@74d1dc36]" started-at="2024-07-16T15:15:15 IST" name="testmethod3" finished-at="2024-07-16T15:15:20 IST" duration-ms="4971" status="PASS">
          <reporter-output>
          </reporter-output>
        </test-method> <!-- testmethod3 -->
      </class> <!-- com.TestNGPractice.InvocationCountTestNG -->
    </test> <!-- Default test -->
  </suite> <!-- Default suite -->
</testng-results>
